<?xml version="1.0" encoding="UTF-8"?>
<!-- Generated by org.testng.reporters.JUnitXMLReporter -->
<testsuite ignored="3" hostname="LIN41006109" failures="0" tests="1" name="Default test" time="2.112" errors="0" timestamp="2022-01-23T15:06:21 IST">
  <testcase classname="com.Test.BodyTestWithJackson" name="correctRateLimitsAreSet" time="1.527"/>
  <testcase classname="com.Test.BodyTestWithJackson" name="returnCorrectLogin" time="0.0">
    <ignored/>
  </testcase> <!-- returnCorrectLogin -->
  <testcase classname="com.Test.BodyTestWithJackson" name="notFoundMessageIsCorrect" time="0.0">
    <ignored/>
  </testcase> <!-- notFoundMessageIsCorrect -->
  <testcase classname="com.Test.BodyTestWithJackson" name="returnCorrectId" time="0.0">
    <ignored/>
  </testcase> <!-- returnCorrectId -->
</testsuite> <!-- Default test -->
