<?xml version="1.0" encoding="UTF-8"?>
<!-- Generated by org.testng.reporters.JUnitXMLReporter -->
<testsuite ignored="0" hostname="LIN41006109" failures="0" tests="4" name="Default test" time="1.571" errors="0" timestamp="2022-01-21T22:33:45 IST">
  <testcase classname="com.Test.ResponseHeaders" name="contentTypeIsJson" time="0.616"/>
  <testcase classname="com.Test.ResponseHeaders" name="eTagIsPresent" time="0.232"/>
  <testcase classname="com.Test.ResponseHeaders" name="serverIsGithub" time="0.222"/>
  <testcase classname="com.Test.ResponseHeaders" name="xRateLimitIsSixty" time="0.236"/>
</testsuite> <!-- Default test -->
