<?xml version="1.0" encoding="UTF-8"?>
<testng-results ignored="3" total="4" passed="1" failed="0" skipped="0">
  <reporter-output>
  </reporter-output>
  <suite started-at="2022-01-23T15:06:19 IST" name="Default suite" finished-at="2022-01-23T15:06:21 IST" duration-ms="2112">
    <groups>
    </groups>
    <test started-at="2022-01-23T15:06:19 IST" name="Default test" finished-at="2022-01-23T15:06:21 IST" duration-ms="2112">
      <class name="com.Test.BodyTestWithJackson">
        <test-method is-config="true" signature="setup()[pri:0, instance:com.Test.BodyTestWithJackson@27ff5d15]" started-at="2022-01-23T15:06:19 IST" name="setup" finished-at="2022-01-23T15:06:19 IST" duration-ms="477" status="PASS">
          <reporter-output>
          </reporter-output>
        </test-method> <!-- setup -->
        <test-method signature="correctRateLimitsAreSet()[pri:0, instance:com.Test.BodyTestWithJackson@27ff5d15]" started-at="2022-01-23T15:06:19 IST" name="correctRateLimitsAreSet" finished-at="2022-01-23T15:06:21 IST" duration-ms="1527" status="PASS">
          <reporter-output>
          </reporter-output>
        </test-method> <!-- correctRateLimitsAreSet -->
        <test-method is-config="true" signature="closeResources()[pri:0, instance:com.Test.BodyTestWithJackson@27ff5d15]" started-at="2022-01-23T15:06:21 IST" name="closeResources" finished-at="2022-01-23T15:06:21 IST" duration-ms="7" status="PASS">
          <reporter-output>
          </reporter-output>
        </test-method> <!-- closeResources -->
      </class> <!-- com.Test.BodyTestWithJackson -->
    </test> <!-- Default test -->
  </suite> <!-- Default suite -->
</testng-results>
